<?xml version="1.0" encoding="UTF-8"?>
<testng-results ignored="0" total="1" passed="1" failed="0" skipped="0">
  <reporter-output>
  </reporter-output>
  <suite started-at="2022-09-01T11:45:31 IST" name="Default suite" finished-at="2022-09-01T11:45:35 IST" duration-ms="3123">
    <groups>
    </groups>
    <test started-at="2022-09-01T11:45:31 IST" name="Default test" finished-at="2022-09-01T11:45:35 IST" duration-ms="3123">
      <class name="jiraAPI.AddAndUpdateComment">
        <test-method signature="tc1()[pri:0, instance:jiraAPI.AddAndUpdateComment@48aaecc3]" started-at="2022-09-01T11:45:31 IST" name="tc1" finished-at="2022-09-01T11:45:35 IST" duration-ms="3064" status="PASS">
          <reporter-output>
          </reporter-output>
        </test-method> <!-- tc1 -->
      </class> <!-- jiraAPI.AddAndUpdateComment -->
    </test> <!-- Default test -->
  </suite> <!-- Default suite -->
</testng-results>
